1647619056677096 B microfactory /Volumes/aosp/android12r28/out/microfactory_Darwin
1647619056677360 B findDeps
1647619056677924 E findDeps
1647619056677951 B check compile github.com/google/blueprint/microfactory
1647619056678150 E check compile github.com/google/blueprint/microfactory
1647619056678162 B check compile main
1647619056678284 E check compile main
1647619056678290 B check link main
1647619056678374 E check link main
1647619056678426 B findDeps
1647619056693939 E findDeps
1647619056694019 B check compile android/soong/ui/logger
1647619056694120 B check compile github.com/golang/protobuf/proto
1647619056694158 B check compile github.com/google/blueprint/parser
1647619056694193 B check compile github.com/google/blueprint/microfactory
1647619056694391 E check compile android/soong/ui/logger
1647619056694543 E check compile github.com/google/blueprint/microfactory
1647619056694574 B check compile android/soong/finder/fs
1647619056694645 B check compile android/soong/ui/build/paths
1647619056694736 B check compile github.com/google/blueprint/deptools
1647619056694769 B check compile github.com/google/blueprint/pathtools
1647619056695430 E check compile github.com/google/blueprint/parser
1647619056695451 B check compile github.com/google/blueprint/proptools
1647619056695690 E check compile github.com/google/blueprint/deptools
1647619056695825 E check compile android/soong/ui/build/paths
1647619056695941 E check compile android/soong/finder/fs
1647619056695956 B check compile android/soong/finder
1647619056696256 E check compile github.com/google/blueprint/proptools
1647619056696272 B check compile android/soong/bazel
1647619056696284 E check compile android/soong/finder
1647619056696304 B check compile github.com/google/blueprint/bootstrap/bpdoc
1647619056696309 E check compile github.com/google/blueprint/pathtools
1647619056696324 B check compile github.com/google/blueprint
1647619056696395 E check compile github.com/golang/protobuf/proto
1647619056696410 B check compile android/soong/ui/metrics/metrics_proto
1647619056696638 E check compile android/soong/bazel
1647619056696667 B check compile android/soong/shared
1647619056696685 E check compile github.com/google/blueprint/bootstrap/bpdoc
1647619056696703 B check compile android/soong/ui/status/build_error_proto
1647619056696823 E check compile android/soong/ui/metrics/metrics_proto
1647619056696841 B check compile android/soong/ui/status/build_progress_proto
1647619056696955 E check compile android/soong/ui/status/build_error_proto
1647619056696969 B check compile android/soong/ui/status/ninja_frontend
1647619056696974 E check compile android/soong/shared
1647619056696987 B check compile android/soong/ui/metrics/upload_proto
1647619056697090 E check compile android/soong/ui/status/build_progress_proto
1647619056697196 E check compile android/soong/ui/metrics/upload_proto
1647619056697224 E check compile android/soong/ui/status/ninja_frontend
1647619056697240 B check compile android/soong/ui/status
1647619056697613 E check compile android/soong/ui/status
1647619056697630 B check compile android/soong/ui/tracer
1647619056697615 E check compile github.com/google/blueprint
1647619056697656 B check compile github.com/google/blueprint/bootstrap
1647619056697658 B check compile android/soong/ui/terminal
1647619056697879 E check compile android/soong/ui/tracer
1647619056697898 B check compile android/soong/ui/metrics
1647619056698208 E check compile github.com/google/blueprint/bootstrap
1647619056698233 E check compile android/soong/ui/metrics
1647619056698238 E check compile android/soong/ui/terminal
1647619056698257 B check compile android/soong/ui/build
1647619056699243 E check compile android/soong/ui/build
1647619056699259 B check compile main
1647619056699464 E check compile main
1647619056699472 B check link main
1647619056699585 E check link main
1647619056699601 E microfactory /Volumes/aosp/android12r28/out/microfactory_Darwin
